2023-02-20 22:16:57,533 ERROR [http-nio-8080-exec-6] c.n.c.c.a.ExceptionAdvice [ExceptionAdvice.java:22] 服务器发送异常
2023-02-20 22:16:57,541 ERROR [http-nio-8080-exec-6] c.n.c.c.a.ExceptionAdvice [ExceptionAdvice.java:24] org.springframework.data.redis.connection.lettuce.LettuceExceptionConverter.convert(LettuceExceptionConverter.java:74)
2023-02-20 22:16:57,541 ERROR [http-nio-8080-exec-6] c.n.c.c.a.ExceptionAdvice [ExceptionAdvice.java:24] org.springframework.data.redis.connection.lettuce.LettuceExceptionConverter.convert(LettuceExceptionConverter.java:41)
2023-02-20 22:16:57,541 ERROR [http-nio-8080-exec-6] c.n.c.c.a.ExceptionAdvice [ExceptionAdvice.java:24] org.springframework.data.redis.PassThroughExceptionTranslationStrategy.translate(PassThroughExceptionTranslationStrategy.java:44)
2023-02-20 22:16:57,542 ERROR [http-nio-8080-exec-6] c.n.c.c.a.ExceptionAdvice [ExceptionAdvice.java:24] org.springframework.data.redis.FallbackExceptionTranslationStrategy.translate(FallbackExceptionTranslationStrategy.java:42)
2023-02-20 22:16:57,542 ERROR [http-nio-8080-exec-6] c.n.c.c.a.ExceptionAdvice [ExceptionAdvice.java:24] org.springframework.data.redis.connection.lettuce.LettuceConnection.convertLettuceAccessException(LettuceConnection.java:268)
2023-02-20 22:16:57,542 ERROR [http-nio-8080-exec-6] c.n.c.c.a.ExceptionAdvice [ExceptionAdvice.java:24] org.springframework.data.redis.connection.lettuce.LettuceStringCommands.convertLettuceAccessException(LettuceStringCommands.java:799)
2023-02-20 22:16:57,542 ERROR [http-nio-8080-exec-6] c.n.c.c.a.ExceptionAdvice [ExceptionAdvice.java:24] org.springframework.data.redis.connection.lettuce.LettuceStringCommands.get(LettuceStringCommands.java:68)
2023-02-20 22:16:57,542 ERROR [http-nio-8080-exec-6] c.n.c.c.a.ExceptionAdvice [ExceptionAdvice.java:24] org.springframework.data.redis.connection.DefaultedRedisConnection.get(DefaultedRedisConnection.java:253)
2023-02-20 22:16:57,542 ERROR [http-nio-8080-exec-6] c.n.c.c.a.ExceptionAdvice [ExceptionAdvice.java:24] org.springframework.data.redis.core.DefaultValueOperations$1.inRedis(DefaultValueOperations.java:57)
2023-02-20 22:16:57,542 ERROR [http-nio-8080-exec-6] c.n.c.c.a.ExceptionAdvice [ExceptionAdvice.java:24] org.springframework.data.redis.core.AbstractOperations$ValueDeserializingRedisCallback.doInRedis(AbstractOperations.java:59)
2023-02-20 22:16:57,542 ERROR [http-nio-8080-exec-6] c.n.c.c.a.ExceptionAdvice [ExceptionAdvice.java:24] org.springframework.data.redis.core.RedisTemplate.execute(RedisTemplate.java:224)
2023-02-20 22:16:57,542 ERROR [http-nio-8080-exec-6] c.n.c.c.a.ExceptionAdvice [ExceptionAdvice.java:24] org.springframework.data.redis.core.RedisTemplate.execute(RedisTemplate.java:184)
2023-02-20 22:16:57,543 ERROR [http-nio-8080-exec-6] c.n.c.c.a.ExceptionAdvice [ExceptionAdvice.java:24] org.springframework.data.redis.core.AbstractOperations.execute(AbstractOperations.java:95)
2023-02-20 22:16:57,543 ERROR [http-nio-8080-exec-6] c.n.c.c.a.ExceptionAdvice [ExceptionAdvice.java:24] org.springframework.data.redis.core.DefaultValueOperations.get(DefaultValueOperations.java:53)
2023-02-20 22:16:57,543 ERROR [http-nio-8080-exec-6] c.n.c.c.a.ExceptionAdvice [ExceptionAdvice.java:24] com.nowcoder.community.service.UserService.findLoginTicket(UserService.java:187)
2023-02-20 22:16:57,543 ERROR [http-nio-8080-exec-6] c.n.c.c.a.ExceptionAdvice [ExceptionAdvice.java:24] com.nowcoder.community.service.UserService$$FastClassBySpringCGLIB$$906d477a.invoke(<generated>)
2023-02-20 22:16:57,543 ERROR [http-nio-8080-exec-6] c.n.c.c.a.ExceptionAdvice [ExceptionAdvice.java:24] org.springframework.cglib.proxy.MethodProxy.invoke(MethodProxy.java:218)
2023-02-20 22:16:57,543 ERROR [http-nio-8080-exec-6] c.n.c.c.a.ExceptionAdvice [ExceptionAdvice.java:24] org.springframework.aop.framework.CglibAopProxy$CglibMethodInvocation.invokeJoinpoint(CglibAopProxy.java:749)
2023-02-20 22:16:57,543 ERROR [http-nio-8080-exec-6] c.n.c.c.a.ExceptionAdvice [ExceptionAdvice.java:24] org.springframework.aop.framework.ReflectiveMethodInvocation.proceed(ReflectiveMethodInvocation.java:163)
2023-02-20 22:16:57,543 ERROR [http-nio-8080-exec-6] c.n.c.c.a.ExceptionAdvice [ExceptionAdvice.java:24] org.springframework.aop.framework.adapter.MethodBeforeAdviceInterceptor.invoke(MethodBeforeAdviceInterceptor.java:56)
2023-02-20 22:16:57,543 ERROR [http-nio-8080-exec-6] c.n.c.c.a.ExceptionAdvice [ExceptionAdvice.java:24] org.springframework.aop.framework.ReflectiveMethodInvocation.proceed(ReflectiveMethodInvocation.java:186)
2023-02-20 22:16:57,543 ERROR [http-nio-8080-exec-6] c.n.c.c.a.ExceptionAdvice [ExceptionAdvice.java:24] org.springframework.aop.interceptor.ExposeInvocationInterceptor.invoke(ExposeInvocationInterceptor.java:93)
2023-02-20 22:16:57,544 ERROR [http-nio-8080-exec-6] c.n.c.c.a.ExceptionAdvice [ExceptionAdvice.java:24] org.springframework.aop.framework.ReflectiveMethodInvocation.proceed(ReflectiveMethodInvocation.java:186)
2023-02-20 22:16:57,544 ERROR [http-nio-8080-exec-6] c.n.c.c.a.ExceptionAdvice [ExceptionAdvice.java:24] org.springframework.aop.framework.CglibAopProxy$DynamicAdvisedInterceptor.intercept(CglibAopProxy.java:688)
2023-02-20 22:16:57,544 ERROR [http-nio-8080-exec-6] c.n.c.c.a.ExceptionAdvice [ExceptionAdvice.java:24] com.nowcoder.community.service.UserService$$EnhancerBySpringCGLIB$$84ed10e1.findLoginTicket(<generated>)
2023-02-20 22:16:57,544 ERROR [http-nio-8080-exec-6] c.n.c.c.a.ExceptionAdvice [ExceptionAdvice.java:24] com.nowcoder.community.controller.interceptor.LoginTicketInterceptor.preHandle(LoginTicketInterceptor.java:36)
2023-02-20 22:16:57,544 ERROR [http-nio-8080-exec-6] c.n.c.c.a.ExceptionAdvice [ExceptionAdvice.java:24] org.springframework.web.servlet.HandlerExecutionChain.applyPreHandle(HandlerExecutionChain.java:136)
2023-02-20 22:16:57,545 ERROR [http-nio-8080-exec-6] c.n.c.c.a.ExceptionAdvice [ExceptionAdvice.java:24] org.springframework.web.servlet.DispatcherServlet.doDispatch(DispatcherServlet.java:1034)
2023-02-20 22:16:57,545 ERROR [http-nio-8080-exec-6] c.n.c.c.a.ExceptionAdvice [ExceptionAdvice.java:24] org.springframework.web.servlet.DispatcherServlet.doService(DispatcherServlet.java:942)
2023-02-20 22:16:57,545 ERROR [http-nio-8080-exec-6] c.n.c.c.a.ExceptionAdvice [ExceptionAdvice.java:24] org.springframework.web.servlet.FrameworkServlet.processRequest(FrameworkServlet.java:1005)
2023-02-20 22:16:57,545 ERROR [http-nio-8080-exec-6] c.n.c.c.a.ExceptionAdvice [ExceptionAdvice.java:24] org.springframework.web.servlet.FrameworkServlet.doGet(FrameworkServlet.java:897)
2023-02-20 22:16:57,545 ERROR [http-nio-8080-exec-6] c.n.c.c.a.ExceptionAdvice [ExceptionAdvice.java:24] javax.servlet.http.HttpServlet.service(HttpServlet.java:634)
2023-02-20 22:16:57,545 ERROR [http-nio-8080-exec-6] c.n.c.c.a.ExceptionAdvice [ExceptionAdvice.java:24] org.springframework.web.servlet.FrameworkServlet.service(FrameworkServlet.java:882)
2023-02-20 22:16:57,545 ERROR [http-nio-8080-exec-6] c.n.c.c.a.ExceptionAdvice [ExceptionAdvice.java:24] javax.servlet.http.HttpServlet.service(HttpServlet.java:741)
2023-02-20 22:16:57,545 ERROR [http-nio-8080-exec-6] c.n.c.c.a.ExceptionAdvice [ExceptionAdvice.java:24] org.apache.catalina.core.ApplicationFilterChain.internalDoFilter(ApplicationFilterChain.java:231)
2023-02-20 22:16:57,545 ERROR [http-nio-8080-exec-6] c.n.c.c.a.ExceptionAdvice [ExceptionAdvice.java:24] org.apache.catalina.core.ApplicationFilterChain.doFilter(ApplicationFilterChain.java:166)
2023-02-20 22:16:57,546 ERROR [http-nio-8080-exec-6] c.n.c.c.a.ExceptionAdvice [ExceptionAdvice.java:24] org.apache.tomcat.websocket.server.WsFilter.doFilter(WsFilter.java:53)
2023-02-20 22:16:57,546 ERROR [http-nio-8080-exec-6] c.n.c.c.a.ExceptionAdvice [ExceptionAdvice.java:24] org.apache.catalina.core.ApplicationFilterChain.internalDoFilter(ApplicationFilterChain.java:193)
2023-02-20 22:16:57,546 ERROR [http-nio-8080-exec-6] c.n.c.c.a.ExceptionAdvice [ExceptionAdvice.java:24] org.apache.catalina.core.ApplicationFilterChain.doFilter(ApplicationFilterChain.java:166)
2023-02-20 22:16:57,546 ERROR [http-nio-8080-exec-6] c.n.c.c.a.ExceptionAdvice [ExceptionAdvice.java:24] org.springframework.security.web.FilterChainProxy$VirtualFilterChain.doFilter(FilterChainProxy.java:320)
2023-02-20 22:16:57,547 ERROR [http-nio-8080-exec-6] c.n.c.c.a.ExceptionAdvice [ExceptionAdvice.java:24] org.springframework.security.web.access.intercept.FilterSecurityInterceptor.invoke(FilterSecurityInterceptor.java:127)
2023-02-20 22:16:57,547 ERROR [http-nio-8080-exec-6] c.n.c.c.a.ExceptionAdvice [ExceptionAdvice.java:24] org.springframework.security.web.access.intercept.FilterSecurityInterceptor.doFilter(FilterSecurityInterceptor.java:91)
2023-02-20 22:16:57,547 ERROR [http-nio-8080-exec-6] c.n.c.c.a.ExceptionAdvice [ExceptionAdvice.java:24] org.springframework.security.web.FilterChainProxy$VirtualFilterChain.doFilter(FilterChainProxy.java:334)
2023-02-20 22:16:57,547 ERROR [http-nio-8080-exec-6] c.n.c.c.a.ExceptionAdvice [ExceptionAdvice.java:24] org.springframework.security.web.access.ExceptionTranslationFilter.doFilter(ExceptionTranslationFilter.java:119)
2023-02-20 22:16:57,547 ERROR [http-nio-8080-exec-6] c.n.c.c.a.ExceptionAdvice [ExceptionAdvice.java:24] org.springframework.security.web.FilterChainProxy$VirtualFilterChain.doFilter(FilterChainProxy.java:334)
2023-02-20 22:16:57,547 ERROR [http-nio-8080-exec-6] c.n.c.c.a.ExceptionAdvice [ExceptionAdvice.java:24] org.springframework.security.web.session.SessionManagementFilter.doFilter(SessionManagementFilter.java:137)
2023-02-20 22:16:57,547 ERROR [http-nio-8080-exec-6] c.n.c.c.a.ExceptionAdvice [ExceptionAdvice.java:24] org.springframework.security.web.FilterChainProxy$VirtualFilterChain.doFilter(FilterChainProxy.java:334)
2023-02-20 22:16:57,547 ERROR [http-nio-8080-exec-6] c.n.c.c.a.ExceptionAdvice [ExceptionAdvice.java:24] org.springframework.security.web.authentication.AnonymousAuthenticationFilter.doFilter(AnonymousAuthenticationFilter.java:111)
2023-02-20 22:16:57,547 ERROR [http-nio-8080-exec-6] c.n.c.c.a.ExceptionAdvice [ExceptionAdvice.java:24] org.springframework.security.web.FilterChainProxy$VirtualFilterChain.doFilter(FilterChainProxy.java:334)
2023-02-20 22:16:57,548 ERROR [http-nio-8080-exec-6] c.n.c.c.a.ExceptionAdvice [ExceptionAdvice.java:24] org.springframework.security.web.servletapi.SecurityContextHolderAwareRequestFilter.doFilter(SecurityContextHolderAwareRequestFilter.java:170)
2023-02-20 22:16:57,548 ERROR [http-nio-8080-exec-6] c.n.c.c.a.ExceptionAdvice [ExceptionAdvice.java:24] org.springframework.security.web.FilterChainProxy$VirtualFilterChain.doFilter(FilterChainProxy.java:334)
2023-02-20 22:16:57,548 ERROR [http-nio-8080-exec-6] c.n.c.c.a.ExceptionAdvice [ExceptionAdvice.java:24] org.springframework.security.web.savedrequest.RequestCacheAwareFilter.doFilter(RequestCacheAwareFilter.java:63)
2023-02-20 22:16:57,548 ERROR [http-nio-8080-exec-6] c.n.c.c.a.ExceptionAdvice [ExceptionAdvice.java:24] org.springframework.security.web.FilterChainProxy$VirtualFilterChain.doFilter(FilterChainProxy.java:334)
2023-02-20 22:16:57,548 ERROR [http-nio-8080-exec-6] c.n.c.c.a.ExceptionAdvice [ExceptionAdvice.java:24] org.springframework.security.web.authentication.logout.LogoutFilter.doFilter(LogoutFilter.java:116)
2023-02-20 22:16:57,548 ERROR [http-nio-8080-exec-6] c.n.c.c.a.ExceptionAdvice [ExceptionAdvice.java:24] org.springframework.security.web.FilterChainProxy$VirtualFilterChain.doFilter(FilterChainProxy.java:334)
2023-02-20 22:16:57,548 ERROR [http-nio-8080-exec-6] c.n.c.c.a.ExceptionAdvice [ExceptionAdvice.java:24] org.springframework.security.web.header.HeaderWriterFilter.doFilterInternal(HeaderWriterFilter.java:74)
2023-02-20 22:16:57,548 ERROR [http-nio-8080-exec-6] c.n.c.c.a.ExceptionAdvice [ExceptionAdvice.java:24] org.springframework.web.filter.OncePerRequestFilter.doFilter(OncePerRequestFilter.java:107)
2023-02-20 22:16:57,549 ERROR [http-nio-8080-exec-6] c.n.c.c.a.ExceptionAdvice [ExceptionAdvice.java:24] org.springframework.security.web.FilterChainProxy$VirtualFilterChain.doFilter(FilterChainProxy.java:334)
2023-02-20 22:16:57,549 ERROR [http-nio-8080-exec-6] c.n.c.c.a.ExceptionAdvice [ExceptionAdvice.java:24] org.springframework.security.web.context.SecurityContextPersistenceFilter.doFilter(SecurityContextPersistenceFilter.java:105)
2023-02-20 22:16:57,549 ERROR [http-nio-8080-exec-6] c.n.c.c.a.ExceptionAdvice [ExceptionAdvice.java:24] org.springframework.security.web.FilterChainProxy$VirtualFilterChain.doFilter(FilterChainProxy.java:334)
2023-02-20 22:16:57,549 ERROR [http-nio-8080-exec-6] c.n.c.c.a.ExceptionAdvice [ExceptionAdvice.java:24] org.springframework.security.web.context.request.async.WebAsyncManagerIntegrationFilter.doFilterInternal(WebAsyncManagerIntegrationFilter.java:56)
2023-02-20 22:16:57,549 ERROR [http-nio-8080-exec-6] c.n.c.c.a.ExceptionAdvice [ExceptionAdvice.java:24] org.springframework.web.filter.OncePerRequestFilter.doFilter(OncePerRequestFilter.java:107)
2023-02-20 22:16:57,549 ERROR [http-nio-8080-exec-6] c.n.c.c.a.ExceptionAdvice [ExceptionAdvice.java:24] org.springframework.security.web.FilterChainProxy$VirtualFilterChain.doFilter(FilterChainProxy.java:334)
2023-02-20 22:16:57,549 ERROR [http-nio-8080-exec-6] c.n.c.c.a.ExceptionAdvice [ExceptionAdvice.java:24] org.springframework.security.web.FilterChainProxy.doFilterInternal(FilterChainProxy.java:215)
2023-02-20 22:16:57,549 ERROR [http-nio-8080-exec-6] c.n.c.c.a.ExceptionAdvice [ExceptionAdvice.java:24] org.springframework.security.web.FilterChainProxy.doFilter(FilterChainProxy.java:178)
2023-02-20 22:16:57,549 ERROR [http-nio-8080-exec-6] c.n.c.c.a.ExceptionAdvice [ExceptionAdvice.java:24] org.springframework.web.filter.DelegatingFilterProxy.invokeDelegate(DelegatingFilterProxy.java:357)
2023-02-20 22:16:57,549 ERROR [http-nio-8080-exec-6] c.n.c.c.a.ExceptionAdvice [ExceptionAdvice.java:24] org.springframework.web.filter.DelegatingFilterProxy.doFilter(DelegatingFilterProxy.java:270)
2023-02-20 22:16:57,549 ERROR [http-nio-8080-exec-6] c.n.c.c.a.ExceptionAdvice [ExceptionAdvice.java:24] org.apache.catalina.core.ApplicationFilterChain.internalDoFilter(ApplicationFilterChain.java:193)
2023-02-20 22:16:57,550 ERROR [http-nio-8080-exec-6] c.n.c.c.a.ExceptionAdvice [ExceptionAdvice.java:24] org.apache.catalina.core.ApplicationFilterChain.doFilter(ApplicationFilterChain.java:166)
2023-02-20 22:16:57,550 ERROR [http-nio-8080-exec-6] c.n.c.c.a.ExceptionAdvice [ExceptionAdvice.java:24] org.springframework.web.filter.RequestContextFilter.doFilterInternal(RequestContextFilter.java:99)
2023-02-20 22:16:57,550 ERROR [http-nio-8080-exec-6] c.n.c.c.a.ExceptionAdvice [ExceptionAdvice.java:24] org.springframework.web.filter.OncePerRequestFilter.doFilter(OncePerRequestFilter.java:107)
2023-02-20 22:16:57,550 ERROR [http-nio-8080-exec-6] c.n.c.c.a.ExceptionAdvice [ExceptionAdvice.java:24] org.apache.catalina.core.ApplicationFilterChain.internalDoFilter(ApplicationFilterChain.java:193)
2023-02-20 22:16:57,550 ERROR [http-nio-8080-exec-6] c.n.c.c.a.ExceptionAdvice [ExceptionAdvice.java:24] org.apache.catalina.core.ApplicationFilterChain.doFilter(ApplicationFilterChain.java:166)
2023-02-20 22:16:57,550 ERROR [http-nio-8080-exec-6] c.n.c.c.a.ExceptionAdvice [ExceptionAdvice.java:24] org.springframework.web.filter.FormContentFilter.doFilterInternal(FormContentFilter.java:92)
2023-02-20 22:16:57,550 ERROR [http-nio-8080-exec-6] c.n.c.c.a.ExceptionAdvice [ExceptionAdvice.java:24] org.springframework.web.filter.OncePerRequestFilter.doFilter(OncePerRequestFilter.java:107)
2023-02-20 22:16:57,550 ERROR [http-nio-8080-exec-6] c.n.c.c.a.ExceptionAdvice [ExceptionAdvice.java:24] org.apache.catalina.core.ApplicationFilterChain.internalDoFilter(ApplicationFilterChain.java:193)
2023-02-20 22:16:57,550 ERROR [http-nio-8080-exec-6] c.n.c.c.a.ExceptionAdvice [ExceptionAdvice.java:24] org.apache.catalina.core.ApplicationFilterChain.doFilter(ApplicationFilterChain.java:166)
2023-02-20 22:16:57,551 ERROR [http-nio-8080-exec-6] c.n.c.c.a.ExceptionAdvice [ExceptionAdvice.java:24] org.springframework.web.filter.HiddenHttpMethodFilter.doFilterInternal(HiddenHttpMethodFilter.java:93)
2023-02-20 22:16:57,551 ERROR [http-nio-8080-exec-6] c.n.c.c.a.ExceptionAdvice [ExceptionAdvice.java:24] org.springframework.web.filter.OncePerRequestFilter.doFilter(OncePerRequestFilter.java:107)
2023-02-20 22:16:57,551 ERROR [http-nio-8080-exec-6] c.n.c.c.a.ExceptionAdvice [ExceptionAdvice.java:24] org.apache.catalina.core.ApplicationFilterChain.internalDoFilter(ApplicationFilterChain.java:193)
2023-02-20 22:16:57,551 ERROR [http-nio-8080-exec-6] c.n.c.c.a.ExceptionAdvice [ExceptionAdvice.java:24] org.apache.catalina.core.ApplicationFilterChain.doFilter(ApplicationFilterChain.java:166)
2023-02-20 22:16:57,551 ERROR [http-nio-8080-exec-6] c.n.c.c.a.ExceptionAdvice [ExceptionAdvice.java:24] org.springframework.web.filter.CharacterEncodingFilter.doFilterInternal(CharacterEncodingFilter.java:200)
2023-02-20 22:16:57,551 ERROR [http-nio-8080-exec-6] c.n.c.c.a.ExceptionAdvice [ExceptionAdvice.java:24] org.springframework.web.filter.OncePerRequestFilter.doFilter(OncePerRequestFilter.java:107)
2023-02-20 22:16:57,551 ERROR [http-nio-8080-exec-6] c.n.c.c.a.ExceptionAdvice [ExceptionAdvice.java:24] org.apache.catalina.core.ApplicationFilterChain.internalDoFilter(ApplicationFilterChain.java:193)
2023-02-20 22:16:57,551 ERROR [http-nio-8080-exec-6] c.n.c.c.a.ExceptionAdvice [ExceptionAdvice.java:24] org.apache.catalina.core.ApplicationFilterChain.doFilter(ApplicationFilterChain.java:166)
2023-02-20 22:16:57,551 ERROR [http-nio-8080-exec-6] c.n.c.c.a.ExceptionAdvice [ExceptionAdvice.java:24] org.apache.catalina.core.StandardWrapperValve.invoke(StandardWrapperValve.java:200)
2023-02-20 22:16:57,552 ERROR [http-nio-8080-exec-6] c.n.c.c.a.ExceptionAdvice [ExceptionAdvice.java:24] org.apache.catalina.core.StandardContextValve.invoke(StandardContextValve.java:96)
2023-02-20 22:16:57,552 ERROR [http-nio-8080-exec-6] c.n.c.c.a.ExceptionAdvice [ExceptionAdvice.java:24] org.apache.catalina.authenticator.AuthenticatorBase.invoke(AuthenticatorBase.java:490)
2023-02-20 22:16:57,552 ERROR [http-nio-8080-exec-6] c.n.c.c.a.ExceptionAdvice [ExceptionAdvice.java:24] org.apache.catalina.core.StandardHostValve.invoke(StandardHostValve.java:139)
2023-02-20 22:16:57,552 ERROR [http-nio-8080-exec-6] c.n.c.c.a.ExceptionAdvice [ExceptionAdvice.java:24] org.apache.catalina.valves.ErrorReportValve.invoke(ErrorReportValve.java:92)
2023-02-20 22:16:57,552 ERROR [http-nio-8080-exec-6] c.n.c.c.a.ExceptionAdvice [ExceptionAdvice.java:24] org.apache.catalina.core.StandardEngineValve.invoke(StandardEngineValve.java:74)
2023-02-20 22:16:57,552 ERROR [http-nio-8080-exec-6] c.n.c.c.a.ExceptionAdvice [ExceptionAdvice.java:24] org.apache.catalina.connector.CoyoteAdapter.service(CoyoteAdapter.java:343)
2023-02-20 22:16:57,552 ERROR [http-nio-8080-exec-6] c.n.c.c.a.ExceptionAdvice [ExceptionAdvice.java:24] org.apache.coyote.http11.Http11Processor.service(Http11Processor.java:408)
2023-02-20 22:16:57,552 ERROR [http-nio-8080-exec-6] c.n.c.c.a.ExceptionAdvice [ExceptionAdvice.java:24] org.apache.coyote.AbstractProcessorLight.process(AbstractProcessorLight.java:66)
2023-02-20 22:16:57,552 ERROR [http-nio-8080-exec-6] c.n.c.c.a.ExceptionAdvice [ExceptionAdvice.java:24] org.apache.coyote.AbstractProtocol$ConnectionHandler.process(AbstractProtocol.java:836)
2023-02-20 22:16:57,552 ERROR [http-nio-8080-exec-6] c.n.c.c.a.ExceptionAdvice [ExceptionAdvice.java:24] org.apache.tomcat.util.net.NioEndpoint$SocketProcessor.doRun(NioEndpoint.java:1747)
2023-02-20 22:16:57,552 ERROR [http-nio-8080-exec-6] c.n.c.c.a.ExceptionAdvice [ExceptionAdvice.java:24] org.apache.tomcat.util.net.SocketProcessorBase.run(SocketProcessorBase.java:49)
2023-02-20 22:16:57,553 ERROR [http-nio-8080-exec-6] c.n.c.c.a.ExceptionAdvice [ExceptionAdvice.java:24] java.util.concurrent.ThreadPoolExecutor.runWorker(ThreadPoolExecutor.java:1149)
2023-02-20 22:16:57,553 ERROR [http-nio-8080-exec-6] c.n.c.c.a.ExceptionAdvice [ExceptionAdvice.java:24] java.util.concurrent.ThreadPoolExecutor$Worker.run(ThreadPoolExecutor.java:624)
2023-02-20 22:16:57,553 ERROR [http-nio-8080-exec-6] c.n.c.c.a.ExceptionAdvice [ExceptionAdvice.java:24] org.apache.tomcat.util.threads.TaskThread$WrappingRunnable.run(TaskThread.java:61)
2023-02-20 22:16:57,553 ERROR [http-nio-8080-exec-6] c.n.c.c.a.ExceptionAdvice [ExceptionAdvice.java:24] java.lang.Thread.run(Thread.java:750)
