2023-02-12 00:01:04,241 WARN [restartedMain] o.s.b.w.s.c.AnnotationConfigServletWebServerApplicationContext [AbstractApplicationContext.java:591] Exception encountered during context initialization - cancelling refresh attempt: org.springframework.beans.factory.UnsatisfiedDependencyException: Error creating bean with name 'homeController': Unsatisfied dependency expressed through field 'discussPostService'; nested exception is org.springframework.beans.factory.NoSuchBeanDefinitionException: No qualifying bean of type 'com.nowcoder.community.service.DiscussPostService' available: expected at least 1 bean which qualifies as autowire candidate. Dependency annotations: {@org.springframework.beans.factory.annotation.Autowired(required=true)}
2023-02-12 00:11:00,533 WARN [HikariPool-1 housekeeper] c.z.h.p.HikariPool [HikariPool.java:788] HikariPool-1 - Thread starvation or clock leap detected (housekeeper delta=4m27s742ms).
2023-02-12 00:11:05,568 WARN [http-nio-8080-exec-2] c.z.h.p.PoolBase [PoolBase.java:184] HikariPool-1 - Failed to validate connection com.mysql.jdbc.JDBC4Connection@679e12b5 (No operations allowed after connection closed.). Possibly consider using a shorter maxLifetime value.
2023-02-12 00:11:05,568 WARN [http-nio-8080-exec-10] c.z.h.p.PoolBase [PoolBase.java:184] HikariPool-1 - Failed to validate connection com.mysql.jdbc.JDBC4Connection@6471c317 (No operations allowed after connection closed.). Possibly consider using a shorter maxLifetime value.
2023-02-12 00:11:05,568 WARN [http-nio-8080-exec-1] c.z.h.p.PoolBase [PoolBase.java:184] HikariPool-1 - Failed to validate connection com.mysql.jdbc.JDBC4Connection@49609b5e (No operations allowed after connection closed.). Possibly consider using a shorter maxLifetime value.
2023-02-12 00:11:07,876 WARN [http-nio-8080-exec-2] c.z.h.p.PoolBase [PoolBase.java:184] HikariPool-1 - Failed to validate connection com.mysql.jdbc.JDBC4Connection@684546b7 (No operations allowed after connection closed.). Possibly consider using a shorter maxLifetime value.
2023-02-12 00:11:07,876 WARN [http-nio-8080-exec-1] c.z.h.p.PoolBase [PoolBase.java:184] HikariPool-1 - Failed to validate connection com.mysql.jdbc.JDBC4Connection@43a0668e (No operations allowed after connection closed.). Possibly consider using a shorter maxLifetime value.
2023-02-12 00:14:32,978 WARN [HikariPool-1 housekeeper] c.z.h.p.HikariPool [HikariPool.java:788] HikariPool-1 - Thread starvation or clock leap detected (housekeeper delta=49s744ms).
2023-02-12 00:15:22,598 WARN [HikariPool-1 housekeeper] c.z.h.p.HikariPool [HikariPool.java:788] HikariPool-1 - Thread starvation or clock leap detected (housekeeper delta=49s623ms).
2023-02-11 17:24:37,109 WARN [http-nio-8080-exec-3] o.s.w.s.m.s.DefaultHandlerExceptionResolver [AbstractHandlerExceptionResolver.java:208] Resolved [org.springframework.web.bind.MissingPathVariableException: Required URI template variable 'filename' for method parameter type String is not present]
2023-02-11 17:27:22,895 WARN [http-nio-8080-exec-10] o.s.w.s.m.s.DefaultHandlerExceptionResolver [AbstractHandlerExceptionResolver.java:208] Resolved [org.springframework.web.bind.MissingPathVariableException: Required URI template variable 'filename' for method parameter type String is not present]
2023-02-11 17:27:24,635 WARN [http-nio-8080-exec-3] o.s.w.s.m.s.DefaultHandlerExceptionResolver [AbstractHandlerExceptionResolver.java:208] Resolved [org.springframework.web.bind.MissingPathVariableException: Required URI template variable 'filename' for method parameter type String is not present]
2023-02-11 17:31:41,518 WARN [http-nio-8080-exec-2] c.z.h.p.PoolBase [PoolBase.java:184] HikariPool-1 - Failed to validate connection com.mysql.jdbc.JDBC4Connection@5a801c74 (No operations allowed after connection closed.). Possibly consider using a shorter maxLifetime value.
2023-02-11 17:31:46,540 WARN [http-nio-8080-exec-2] c.z.h.p.PoolBase [PoolBase.java:184] HikariPool-1 - Failed to validate connection com.mysql.jdbc.JDBC4Connection@7c246239 (No operations allowed after connection closed.). Possibly consider using a shorter maxLifetime value.
2023-02-11 17:31:51,555 WARN [http-nio-8080-exec-2] c.z.h.p.PoolBase [PoolBase.java:184] HikariPool-1 - Failed to validate connection com.mysql.jdbc.JDBC4Connection@3050f002 (No operations allowed after connection closed.). Possibly consider using a shorter maxLifetime value.
2023-02-11 17:31:56,563 WARN [http-nio-8080-exec-2] c.z.h.p.PoolBase [PoolBase.java:184] HikariPool-1 - Failed to validate connection com.mysql.jdbc.JDBC4Connection@74798f19 (No operations allowed after connection closed.). Possibly consider using a shorter maxLifetime value.
2023-02-11 17:31:59,270 WARN [http-nio-8080-exec-5] o.s.w.s.m.s.DefaultHandlerExceptionResolver [AbstractHandlerExceptionResolver.java:208] Resolved [org.springframework.web.bind.MissingPathVariableException: Required URI template variable 'filename' for method parameter type String is not present]
2023-02-11 17:32:01,572 WARN [http-nio-8080-exec-2] c.z.h.p.PoolBase [PoolBase.java:184] HikariPool-1 - Failed to validate connection com.mysql.jdbc.JDBC4Connection@8db32fc (No operations allowed after connection closed.). Possibly consider using a shorter maxLifetime value.
2023-02-11 17:32:06,990 WARN [http-nio-8080-exec-7] o.s.w.s.m.s.DefaultHandlerExceptionResolver [AbstractHandlerExceptionResolver.java:208] Resolved [org.springframework.web.bind.MissingPathVariableException: Required URI template variable 'filename' for method parameter type String is not present]
2023-02-11 17:35:04,706 WARN [http-nio-8080-exec-9] o.s.w.s.m.s.DefaultHandlerExceptionResolver [AbstractHandlerExceptionResolver.java:208] Resolved [org.springframework.web.bind.MissingPathVariableException: Required URI template variable 'filename' for method parameter type String is not present]
2023-02-11 21:09:09,278 WARN [Thread-10] o.a.c.l.WebappClassLoaderBase [DirectJDKLog.java:173] The web application [community] appears to have started a thread named [HikariPool-1 housekeeper] but has failed to stop it. This is very likely to create a memory leak. Stack trace of thread:
 sun.misc.Unsafe.park(Native Method)
 java.util.concurrent.locks.LockSupport.parkNanos(LockSupport.java:215)
 java.util.concurrent.locks.AbstractQueuedSynchronizer$ConditionObject.awaitNanos(AbstractQueuedSynchronizer.java:2078)
 java.util.concurrent.ScheduledThreadPoolExecutor$DelayedWorkQueue.take(ScheduledThreadPoolExecutor.java:1093)
 java.util.concurrent.ScheduledThreadPoolExecutor$DelayedWorkQueue.take(ScheduledThreadPoolExecutor.java:809)
 java.util.concurrent.ThreadPoolExecutor.getTask(ThreadPoolExecutor.java:1074)
 java.util.concurrent.ThreadPoolExecutor.runWorker(ThreadPoolExecutor.java:1134)
 java.util.concurrent.ThreadPoolExecutor$Worker.run(ThreadPoolExecutor.java:624)
 java.lang.Thread.run(Thread.java:750)
2023-02-11 21:09:15,897 WARN [restartedMain] o.m.s.m.ClassPathMapperScanner [ClassPathMapperScanner.java:166] No MyBatis mapper was found in '[com.nowcoder.community]' package. Please check your configuration.
2023-02-11 21:09:16,185 WARN [restartedMain] o.s.b.w.s.c.AnnotationConfigServletWebServerApplicationContext [AbstractApplicationContext.java:591] Exception encountered during context initialization - cancelling refresh attempt: org.springframework.beans.factory.BeanCreationException: Error creating bean with name 'sqlSessionFactory' defined in class path resource [org/mybatis/spring/boot/autoconfigure/MybatisAutoConfiguration.class]: Bean instantiation via factory method failed; nested exception is org.springframework.beans.BeanInstantiationException: Failed to instantiate [org.apache.ibatis.session.SqlSessionFactory]: Factory method 'sqlSessionFactory' threw exception; nested exception is org.springframework.core.NestedIOException: Failed to parse mapping resource: 'file [/Users/xijie/IdeaProjects/community/target/classes/mapper/discusspost-mapper.xml]'; nested exception is org.apache.ibatis.builder.BuilderException: Error parsing Mapper XML. The XML location is 'file [/Users/xijie/IdeaProjects/community/target/classes/mapper/discusspost-mapper.xml]'. Cause: org.apache.ibatis.builder.BuilderException: Error resolving class. Cause: org.apache.ibatis.type.TypeException: Could not resolve type alias 'com.nowcoder.community.entity.DiscussPost'.  Cause: java.lang.ClassNotFoundException: Cannot find class: com.nowcoder.community.entity.DiscussPost
2023-02-12 14:56:24,417 WARN [http-nio-8080-exec-1] o.s.w.s.m.s.DefaultHandlerExceptionResolver [AbstractHandlerExceptionResolver.java:208] Resolved [org.springframework.web.method.annotation.MethodArgumentTypeMismatchException: Failed to convert value of type 'java.lang.String' to required type 'int'; nested exception is java.lang.NumberFormatException: For input string: "profile.html"]
2023-02-12 15:35:40,665 WARN [HikariPool-1 housekeeper] c.z.h.p.HikariPool [HikariPool.java:788] HikariPool-1 - Thread starvation or clock leap detected (housekeeper delta=1m38s291ms).
2023-02-12 16:53:07,032 WARN [Thread-10] o.a.c.l.WebappClassLoaderBase [DirectJDKLog.java:173] The web application [community] appears to have started a thread named [HikariPool-1 housekeeper] but has failed to stop it. This is very likely to create a memory leak. Stack trace of thread:
 sun.misc.Unsafe.park(Native Method)
 java.util.concurrent.locks.LockSupport.parkNanos(LockSupport.java:215)
 java.util.concurrent.locks.AbstractQueuedSynchronizer$ConditionObject.awaitNanos(AbstractQueuedSynchronizer.java:2078)
 java.util.concurrent.ScheduledThreadPoolExecutor$DelayedWorkQueue.take(ScheduledThreadPoolExecutor.java:1093)
 java.util.concurrent.ScheduledThreadPoolExecutor$DelayedWorkQueue.take(ScheduledThreadPoolExecutor.java:809)
 java.util.concurrent.ThreadPoolExecutor.getTask(ThreadPoolExecutor.java:1074)
 java.util.concurrent.ThreadPoolExecutor.runWorker(ThreadPoolExecutor.java:1134)
 java.util.concurrent.ThreadPoolExecutor$Worker.run(ThreadPoolExecutor.java:624)
 java.lang.Thread.run(Thread.java:750)
2023-02-12 16:53:07,712 WARN [restartedMain] o.s.b.w.s.c.AnnotationConfigServletWebServerApplicationContext [AbstractApplicationContext.java:591] Exception encountered during context initialization - cancelling refresh attempt: org.springframework.beans.factory.BeanCreationException: Error creating bean with name 'homeController' defined in file [/Users/xijie/IdeaProjects/community/target/classes/com/nowcoder/community/controller/HomeController.class]: Post-processing of merged bean definition failed; nested exception is java.lang.IllegalStateException: Failed to introspect Class [com.nowcoder.community.controller.HomeController] from ClassLoader [org.springframework.boot.devtools.restart.classloader.RestartClassLoader@75ccdc60]
2023-02-12 16:53:10,346 WARN [restartedMain] o.s.b.w.s.c.AnnotationConfigServletWebServerApplicationContext [AbstractApplicationContext.java:591] Exception encountered during context initialization - cancelling refresh attempt: org.springframework.beans.factory.UnsatisfiedDependencyException: Error creating bean with name 'alphaService': Unsatisfied dependency expressed through field 'alphaDao'; nested exception is org.springframework.beans.factory.NoSuchBeanDefinitionException: No qualifying bean of type 'com.nowcoder.community.dao.AlphaDao' available: expected at least 1 bean which qualifies as autowire candidate. Dependency annotations: {@org.springframework.beans.factory.annotation.Autowired(required=true)}
2023-02-12 16:53:12,913 WARN [main] o.s.w.c.s.GenericWebApplicationContext [AbstractApplicationContext.java:591] Exception encountered during context initialization - cancelling refresh attempt: org.springframework.beans.factory.UnsatisfiedDependencyException: Error creating bean with name 'alphaService': Unsatisfied dependency expressed through field 'alphaDao'; nested exception is org.springframework.beans.factory.NoSuchBeanDefinitionException: No qualifying bean of type 'com.nowcoder.community.dao.AlphaDao' available: expected at least 1 bean which qualifies as autowire candidate. Dependency annotations: {@org.springframework.beans.factory.annotation.Autowired(required=true)}
2023-02-12 17:13:06,868 WARN [restartedMain] o.s.b.w.s.c.AnnotationConfigServletWebServerApplicationContext [AbstractApplicationContext.java:591] Exception encountered during context initialization - cancelling refresh attempt: org.springframework.beans.factory.UnsatisfiedDependencyException: Error creating bean with name 'alphaService': Unsatisfied dependency expressed through field 'alphaDao'; nested exception is org.springframework.beans.factory.NoSuchBeanDefinitionException: No qualifying bean of type 'com.nowcoder.community.dao.AlphaDao' available: expected at least 1 bean which qualifies as autowire candidate. Dependency annotations: {@org.springframework.beans.factory.annotation.Autowired(required=true)}
2023-02-12 17:13:09,107 WARN [main] o.s.w.c.s.GenericWebApplicationContext [AbstractApplicationContext.java:591] Exception encountered during context initialization - cancelling refresh attempt: org.springframework.beans.factory.UnsatisfiedDependencyException: Error creating bean with name 'alphaService': Unsatisfied dependency expressed through field 'alphaDao'; nested exception is org.springframework.beans.factory.NoSuchBeanDefinitionException: No qualifying bean of type 'com.nowcoder.community.dao.AlphaDao' available: expected at least 1 bean which qualifies as autowire candidate. Dependency annotations: {@org.springframework.beans.factory.annotation.Autowired(required=true)}
2023-02-12 18:58:53,285 WARN [http-nio-8080-exec-5] o.s.w.s.m.s.DefaultHandlerExceptionResolver [AbstractHandlerExceptionResolver.java:208] Resolved [org.springframework.web.method.annotation.MethodArgumentTypeMismatchException: Failed to convert value of type 'java.lang.String' to required type 'int'; nested exception is java.lang.NumberFormatException: For input string: "}234"]
2023-02-12 18:59:34,286 WARN [http-nio-8080-exec-10] o.s.w.s.m.s.DefaultHandlerExceptionResolver [AbstractHandlerExceptionResolver.java:208] Resolved [org.springframework.web.method.annotation.MethodArgumentTypeMismatchException: Failed to convert value of type 'java.lang.String' to required type 'int'; nested exception is java.lang.NumberFormatException: For input string: "}234"]
2023-02-12 18:59:39,082 WARN [http-nio-8080-exec-2] o.s.w.s.m.s.DefaultHandlerExceptionResolver [AbstractHandlerExceptionResolver.java:208] Resolved [org.springframework.web.method.annotation.MethodArgumentTypeMismatchException: Failed to convert value of type 'java.lang.String' to required type 'int'; nested exception is java.lang.NumberFormatException: For input string: "}234"]
2023-02-12 19:00:35,199 WARN [http-nio-8080-exec-4] o.s.w.s.m.s.DefaultHandlerExceptionResolver [AbstractHandlerExceptionResolver.java:208] Resolved [org.springframework.web.method.annotation.MethodArgumentTypeMismatchException: Failed to convert value of type 'java.lang.String' to required type 'int'; nested exception is java.lang.NumberFormatException: For input string: "}234"]
2023-02-12 19:04:35,766 WARN [HikariPool-1 housekeeper] c.z.h.p.HikariPool [HikariPool.java:788] HikariPool-1 - Thread starvation or clock leap detected (housekeeper delta=51s886ms).
2023-02-12 19:04:40,795 WARN [http-nio-8080-exec-9] c.z.h.p.PoolBase [PoolBase.java:184] HikariPool-1 - Failed to validate connection com.mysql.jdbc.JDBC4Connection@7bf224ad (No operations allowed after connection closed.). Possibly consider using a shorter maxLifetime value.
2023-02-12 19:04:45,809 WARN [http-nio-8080-exec-9] c.z.h.p.PoolBase [PoolBase.java:184] HikariPool-1 - Failed to validate connection com.mysql.jdbc.JDBC4Connection@5c3434d8 (No operations allowed after connection closed.). Possibly consider using a shorter maxLifetime value.
2023-02-12 19:04:50,819 WARN [http-nio-8080-exec-9] c.z.h.p.PoolBase [PoolBase.java:184] HikariPool-1 - Failed to validate connection com.mysql.jdbc.JDBC4Connection@735f57d8 (No operations allowed after connection closed.). Possibly consider using a shorter maxLifetime value.
2023-02-12 19:04:55,828 WARN [http-nio-8080-exec-9] c.z.h.p.PoolBase [PoolBase.java:184] HikariPool-1 - Failed to validate connection com.mysql.jdbc.JDBC4Connection@2031e4b5 (No operations allowed after connection closed.). Possibly consider using a shorter maxLifetime value.
2023-02-12 19:05:00,838 WARN [http-nio-8080-exec-9] c.z.h.p.PoolBase [PoolBase.java:184] HikariPool-1 - Failed to validate connection com.mysql.jdbc.JDBC4Connection@528e6d63 (No operations allowed after connection closed.). Possibly consider using a shorter maxLifetime value.
2023-02-12 19:05:11,368 WARN [http-nio-8080-exec-1] o.s.w.s.m.s.DefaultHandlerExceptionResolver [AbstractHandlerExceptionResolver.java:208] Resolved [org.springframework.web.method.annotation.MethodArgumentTypeMismatchException: Failed to convert value of type 'java.lang.String' to required type 'int'; nested exception is java.lang.NumberFormatException: For input string: "}234"]
2023-02-12 19:05:24,241 WARN [http-nio-8080-exec-4] o.s.w.s.m.s.DefaultHandlerExceptionResolver [AbstractHandlerExceptionResolver.java:208] Resolved [org.springframework.web.method.annotation.MethodArgumentTypeMismatchException: Failed to convert value of type 'java.lang.String' to required type 'int'; nested exception is java.lang.NumberFormatException: For input string: "}234"]
2023-02-12 19:14:36,962 WARN [http-nio-8080-exec-6] o.s.w.s.m.s.DefaultHandlerExceptionResolver [AbstractHandlerExceptionResolver.java:208] Resolved [org.springframework.web.method.annotation.MethodArgumentTypeMismatchException: Failed to convert value of type 'java.lang.String' to required type 'int'; nested exception is java.lang.NumberFormatException: For input string: "}234"]
2023-02-12 19:14:55,837 WARN [http-nio-8080-exec-1] o.s.w.s.m.s.DefaultHandlerExceptionResolver [AbstractHandlerExceptionResolver.java:208] Resolved [org.springframework.web.method.annotation.MethodArgumentTypeMismatchException: Failed to convert value of type 'java.lang.String' to required type 'int'; nested exception is java.lang.NumberFormatException: For input string: "}234"]
2023-02-12 19:19:53,765 WARN [http-nio-8080-exec-4] c.z.h.p.PoolBase [PoolBase.java:184] HikariPool-1 - Failed to validate connection com.mysql.jdbc.JDBC4Connection@7c4e5781 (No operations allowed after connection closed.). Possibly consider using a shorter maxLifetime value.
2023-02-12 19:19:56,996 WARN [http-nio-8080-exec-3] c.z.h.p.PoolBase [PoolBase.java:184] HikariPool-1 - Failed to validate connection com.mysql.jdbc.JDBC4Connection@68d3947f (No operations allowed after connection closed.). Possibly consider using a shorter maxLifetime value.
2023-02-12 19:19:58,781 WARN [http-nio-8080-exec-4] c.z.h.p.PoolBase [PoolBase.java:184] HikariPool-1 - Failed to validate connection com.mysql.jdbc.JDBC4Connection@59ea6037 (No operations allowed after connection closed.). Possibly consider using a shorter maxLifetime value.
2023-02-12 19:20:02,010 WARN [http-nio-8080-exec-3] c.z.h.p.PoolBase [PoolBase.java:184] HikariPool-1 - Failed to validate connection com.mysql.jdbc.JDBC4Connection@2d28086e (No operations allowed after connection closed.). Possibly consider using a shorter maxLifetime value.
2023-02-12 19:20:03,795 WARN [http-nio-8080-exec-4] c.z.h.p.PoolBase [PoolBase.java:184] HikariPool-1 - Failed to validate connection com.mysql.jdbc.JDBC4Connection@363a8156 (No operations allowed after connection closed.). Possibly consider using a shorter maxLifetime value.
2023-02-12 19:20:10,323 WARN [http-nio-8080-exec-8] o.s.w.s.m.s.DefaultHandlerExceptionResolver [AbstractHandlerExceptionResolver.java:208] Resolved [org.springframework.web.method.annotation.MethodArgumentTypeMismatchException: Failed to convert value of type 'java.lang.String' to required type 'int'; nested exception is java.lang.NumberFormatException: For input string: "}234"]
2023-02-12 19:25:01,642 WARN [http-nio-8080-exec-3] o.s.w.s.m.s.DefaultHandlerExceptionResolver [AbstractHandlerExceptionResolver.java:208] Resolved [org.springframework.web.method.annotation.MethodArgumentTypeMismatchException: Failed to convert value of type 'java.lang.String' to required type 'int'; nested exception is java.lang.NumberFormatException: For input string: "}234"]
2023-02-12 19:25:59,453 WARN [http-nio-8080-exec-5] o.s.w.s.m.s.DefaultHandlerExceptionResolver [AbstractHandlerExceptionResolver.java:208] Resolved [org.springframework.web.method.annotation.MethodArgumentTypeMismatchException: Failed to convert value of type 'java.lang.String' to required type 'int'; nested exception is java.lang.NumberFormatException: For input string: "}234"]
2023-02-12 19:26:15,056 WARN [http-nio-8080-exec-5] o.s.w.s.m.s.DefaultHandlerExceptionResolver [AbstractHandlerExceptionResolver.java:208] Resolved [org.springframework.web.method.annotation.MethodArgumentTypeMismatchException: Failed to convert value of type 'java.lang.String' to required type 'int'; nested exception is java.lang.NumberFormatException: For input string: "}234"]
2023-02-12 19:29:08,923 WARN [http-nio-8080-exec-10] o.s.w.s.m.s.DefaultHandlerExceptionResolver [AbstractHandlerExceptionResolver.java:208] Resolved [org.springframework.web.method.annotation.MethodArgumentTypeMismatchException: Failed to convert value of type 'java.lang.String' to required type 'int'; nested exception is java.lang.NumberFormatException: For input string: "}234"]
2023-02-12 19:29:38,691 WARN [http-nio-8080-exec-2] o.s.w.s.m.s.DefaultHandlerExceptionResolver [AbstractHandlerExceptionResolver.java:208] Resolved [org.springframework.web.method.annotation.MethodArgumentTypeMismatchException: Failed to convert value of type 'java.lang.String' to required type 'int'; nested exception is java.lang.NumberFormatException: For input string: "}234"]
2023-02-12 19:35:02,215 WARN [http-nio-8080-exec-1] o.s.w.s.m.s.DefaultHandlerExceptionResolver [AbstractHandlerExceptionResolver.java:208] Resolved [org.springframework.web.method.annotation.MethodArgumentTypeMismatchException: Failed to convert value of type 'java.lang.String' to required type 'int'; nested exception is java.lang.NumberFormatException: For input string: "}234"]
2023-02-12 19:39:13,771 WARN [http-nio-8080-exec-3] o.s.w.s.m.s.DefaultHandlerExceptionResolver [AbstractHandlerExceptionResolver.java:208] Resolved [org.springframework.web.method.annotation.MethodArgumentTypeMismatchException: Failed to convert value of type 'java.lang.String' to required type 'int'; nested exception is java.lang.NumberFormatException: For input string: "}234"]
2023-02-12 19:42:39,746 WARN [http-nio-8080-exec-4] o.s.w.s.m.s.DefaultHandlerExceptionResolver [AbstractHandlerExceptionResolver.java:208] Resolved [org.springframework.web.method.annotation.MethodArgumentTypeMismatchException: Failed to convert value of type 'java.lang.String' to required type 'int'; nested exception is java.lang.NumberFormatException: For input string: "}234"]
2023-02-12 23:07:35,219 WARN [http-nio-8080-exec-2] c.z.h.p.PoolBase [PoolBase.java:184] HikariPool-1 - Failed to validate connection com.mysql.jdbc.JDBC4Connection@668c8cb (No operations allowed after connection closed.). Possibly consider using a shorter maxLifetime value.
2023-02-12 23:07:40,244 WARN [http-nio-8080-exec-2] c.z.h.p.PoolBase [PoolBase.java:184] HikariPool-1 - Failed to validate connection com.mysql.jdbc.JDBC4Connection@40d9f35 (No operations allowed after connection closed.). Possibly consider using a shorter maxLifetime value.
2023-02-12 23:07:45,261 WARN [http-nio-8080-exec-2] c.z.h.p.PoolBase [PoolBase.java:184] HikariPool-1 - Failed to validate connection com.mysql.jdbc.JDBC4Connection@1e3bdd8c (No operations allowed after connection closed.). Possibly consider using a shorter maxLifetime value.
2023-02-12 23:07:50,275 WARN [http-nio-8080-exec-2] c.z.h.p.PoolBase [PoolBase.java:184] HikariPool-1 - Failed to validate connection com.mysql.jdbc.JDBC4Connection@1ad62529 (No operations allowed after connection closed.). Possibly consider using a shorter maxLifetime value.
2023-02-12 23:07:55,287 WARN [http-nio-8080-exec-2] c.z.h.p.PoolBase [PoolBase.java:184] HikariPool-1 - Failed to validate connection com.mysql.jdbc.JDBC4Connection@7f06118 (No operations allowed after connection closed.). Possibly consider using a shorter maxLifetime value.
2023-02-12 23:12:33,134 WARN [HikariPool-1 housekeeper] c.z.h.p.HikariPool [HikariPool.java:788] HikariPool-1 - Thread starvation or clock leap detected (housekeeper delta=4m49s519ms).
