2023-02-11 17:24:37,109 WARN [http-nio-8080-exec-3] o.s.w.s.m.s.DefaultHandlerExceptionResolver [AbstractHandlerExceptionResolver.java:208] Resolved [org.springframework.web.bind.MissingPathVariableException: Required URI template variable 'filename' for method parameter type String is not present]
2023-02-11 17:27:22,895 WARN [http-nio-8080-exec-10] o.s.w.s.m.s.DefaultHandlerExceptionResolver [AbstractHandlerExceptionResolver.java:208] Resolved [org.springframework.web.bind.MissingPathVariableException: Required URI template variable 'filename' for method parameter type String is not present]
2023-02-11 17:27:24,635 WARN [http-nio-8080-exec-3] o.s.w.s.m.s.DefaultHandlerExceptionResolver [AbstractHandlerExceptionResolver.java:208] Resolved [org.springframework.web.bind.MissingPathVariableException: Required URI template variable 'filename' for method parameter type String is not present]
2023-02-11 17:31:41,518 WARN [http-nio-8080-exec-2] c.z.h.p.PoolBase [PoolBase.java:184] HikariPool-1 - Failed to validate connection com.mysql.jdbc.JDBC4Connection@5a801c74 (No operations allowed after connection closed.). Possibly consider using a shorter maxLifetime value.
2023-02-11 17:31:46,540 WARN [http-nio-8080-exec-2] c.z.h.p.PoolBase [PoolBase.java:184] HikariPool-1 - Failed to validate connection com.mysql.jdbc.JDBC4Connection@7c246239 (No operations allowed after connection closed.). Possibly consider using a shorter maxLifetime value.
2023-02-11 17:31:51,555 WARN [http-nio-8080-exec-2] c.z.h.p.PoolBase [PoolBase.java:184] HikariPool-1 - Failed to validate connection com.mysql.jdbc.JDBC4Connection@3050f002 (No operations allowed after connection closed.). Possibly consider using a shorter maxLifetime value.
2023-02-11 17:31:56,563 WARN [http-nio-8080-exec-2] c.z.h.p.PoolBase [PoolBase.java:184] HikariPool-1 - Failed to validate connection com.mysql.jdbc.JDBC4Connection@74798f19 (No operations allowed after connection closed.). Possibly consider using a shorter maxLifetime value.
2023-02-11 17:31:59,270 WARN [http-nio-8080-exec-5] o.s.w.s.m.s.DefaultHandlerExceptionResolver [AbstractHandlerExceptionResolver.java:208] Resolved [org.springframework.web.bind.MissingPathVariableException: Required URI template variable 'filename' for method parameter type String is not present]
2023-02-11 17:32:01,572 WARN [http-nio-8080-exec-2] c.z.h.p.PoolBase [PoolBase.java:184] HikariPool-1 - Failed to validate connection com.mysql.jdbc.JDBC4Connection@8db32fc (No operations allowed after connection closed.). Possibly consider using a shorter maxLifetime value.
2023-02-11 17:32:06,990 WARN [http-nio-8080-exec-7] o.s.w.s.m.s.DefaultHandlerExceptionResolver [AbstractHandlerExceptionResolver.java:208] Resolved [org.springframework.web.bind.MissingPathVariableException: Required URI template variable 'filename' for method parameter type String is not present]
2023-02-11 17:35:04,706 WARN [http-nio-8080-exec-9] o.s.w.s.m.s.DefaultHandlerExceptionResolver [AbstractHandlerExceptionResolver.java:208] Resolved [org.springframework.web.bind.MissingPathVariableException: Required URI template variable 'filename' for method parameter type String is not present]
2023-02-11 21:09:09,278 WARN [Thread-10] o.a.c.l.WebappClassLoaderBase [DirectJDKLog.java:173] The web application [community] appears to have started a thread named [HikariPool-1 housekeeper] but has failed to stop it. This is very likely to create a memory leak. Stack trace of thread:
 sun.misc.Unsafe.park(Native Method)
 java.util.concurrent.locks.LockSupport.parkNanos(LockSupport.java:215)
 java.util.concurrent.locks.AbstractQueuedSynchronizer$ConditionObject.awaitNanos(AbstractQueuedSynchronizer.java:2078)
 java.util.concurrent.ScheduledThreadPoolExecutor$DelayedWorkQueue.take(ScheduledThreadPoolExecutor.java:1093)
 java.util.concurrent.ScheduledThreadPoolExecutor$DelayedWorkQueue.take(ScheduledThreadPoolExecutor.java:809)
 java.util.concurrent.ThreadPoolExecutor.getTask(ThreadPoolExecutor.java:1074)
 java.util.concurrent.ThreadPoolExecutor.runWorker(ThreadPoolExecutor.java:1134)
 java.util.concurrent.ThreadPoolExecutor$Worker.run(ThreadPoolExecutor.java:624)
 java.lang.Thread.run(Thread.java:750)
2023-02-11 21:09:15,897 WARN [restartedMain] o.m.s.m.ClassPathMapperScanner [ClassPathMapperScanner.java:166] No MyBatis mapper was found in '[com.nowcoder.community]' package. Please check your configuration.
2023-02-11 21:09:16,185 WARN [restartedMain] o.s.b.w.s.c.AnnotationConfigServletWebServerApplicationContext [AbstractApplicationContext.java:591] Exception encountered during context initialization - cancelling refresh attempt: org.springframework.beans.factory.BeanCreationException: Error creating bean with name 'sqlSessionFactory' defined in class path resource [org/mybatis/spring/boot/autoconfigure/MybatisAutoConfiguration.class]: Bean instantiation via factory method failed; nested exception is org.springframework.beans.BeanInstantiationException: Failed to instantiate [org.apache.ibatis.session.SqlSessionFactory]: Factory method 'sqlSessionFactory' threw exception; nested exception is org.springframework.core.NestedIOException: Failed to parse mapping resource: 'file [/Users/xijie/IdeaProjects/community/target/classes/mapper/discusspost-mapper.xml]'; nested exception is org.apache.ibatis.builder.BuilderException: Error parsing Mapper XML. The XML location is 'file [/Users/xijie/IdeaProjects/community/target/classes/mapper/discusspost-mapper.xml]'. Cause: org.apache.ibatis.builder.BuilderException: Error resolving class. Cause: org.apache.ibatis.type.TypeException: Could not resolve type alias 'com.nowcoder.community.entity.DiscussPost'.  Cause: java.lang.ClassNotFoundException: Cannot find class: com.nowcoder.community.entity.DiscussPost
2023-02-11 22:53:59,420 WARN [restartedMain] o.m.s.m.ClassPathMapperScanner [ClassPathMapperScanner.java:166] No MyBatis mapper was found in '[com.nowcoder.community]' package. Please check your configuration.
2023-02-11 22:53:59,559 WARN [restartedMain] o.s.b.w.s.c.AnnotationConfigServletWebServerApplicationContext [AbstractApplicationContext.java:591] Exception encountered during context initialization - cancelling refresh attempt: org.springframework.beans.factory.BeanCreationException: Error creating bean with name 'sqlSessionFactory' defined in class path resource [org/mybatis/spring/boot/autoconfigure/MybatisAutoConfiguration.class]: Bean instantiation via factory method failed; nested exception is org.springframework.beans.BeanInstantiationException: Failed to instantiate [org.apache.ibatis.session.SqlSessionFactory]: Factory method 'sqlSessionFactory' threw exception; nested exception is org.springframework.core.NestedIOException: Failed to parse mapping resource: 'file [/Users/xijie/IdeaProjects/community/target/classes/mapper/discusspost-mapper.xml]'; nested exception is org.apache.ibatis.builder.BuilderException: Error parsing Mapper XML. The XML location is 'file [/Users/xijie/IdeaProjects/community/target/classes/mapper/discusspost-mapper.xml]'. Cause: org.apache.ibatis.builder.BuilderException: Error resolving class. Cause: org.apache.ibatis.type.TypeException: Could not resolve type alias 'com.nowcoder.community.entity.DiscussPost'.  Cause: java.lang.ClassNotFoundException: Cannot find class: com.nowcoder.community.entity.DiscussPost
